<?xml version="1.0" encoding="UTF-8"?>
<!-- Generated by org.testng.reporters.JUnitReportReporter -->
<testsuite hostname="DESKTOP-GJJ97QR" failures="0" tests="1" name="com.test.TestDropDown" time="13.341" errors="0" timestamp="2024-02-18T12:59:16 IST" skipped="0">
  <testcase classname="com.test.TestDropDown" name="testDropDOwn" time="13.341"/>
  <system-out/>
</testsuite> <!-- com.test.TestDropDown -->
