<?xml version="1.0" encoding="UTF-8"?>
<!-- Generated by org.testng.reporters.JUnitReportReporter -->
<testsuite hostname="DESKTOP-GJJ97QR" failures="0" tests="1" name="com.restassured.RestAssuredClass" time="4.204" errors="0" timestamp="2024-02-24T13:14:25 IST" skipped="0">
  <testcase classname="com.restassured.RestAssuredClass" name="deleteUserData" time="4.204"/>
  <system-out/>
</testsuite> <!-- com.restassured.RestAssuredClass -->
